<?xml version="1.0" encoding="UTF-8"?>
<!-- Generated by org.testng.reporters.JUnitXMLReporter -->
<testsuite ignored="0" hostname="Sushil" failures="1" tests="2" name="Error Validation Test" time="14.154" errors="0" timestamp="2023-01-06T16:33:58 IST">
  <testcase classname="mavenproject.ErrorValidations" name="loginErrorValidations" time="1.13">
    <failure type="java.lang.AssertionError" message="expected [Incorrect email or password.] but found [Incorrect email@ or password.]">
      <![CDATA[java.lang.AssertionError: expected [Incorrect email or password.] but found [Incorrect email@ or password.]
at mavenproject.ErrorValidations.loginErrorValidations(ErrorValidations.java:18)
at java.base/java.util.ArrayList.forEach(ArrayList.java:1541)
at java.base/java.util.concurrent.FutureTask.run(FutureTask.java:264)
at java.base/java.util.concurrent.ThreadPoolExecutor.runWorker(ThreadPoolExecutor.java:1128)
at java.base/java.util.concurrent.ThreadPoolExecutor$Worker.run(ThreadPoolExecutor.java:628)
at java.base/java.lang.Thread.run(Thread.java:834)
... Removed 23 stack frames]]>
    </failure>
  </testcase> <!-- loginErrorValidations -->
  <testcase classname="mavenproject.ErrorValidations" name="submitOrderValidation" time="3.055"/>
</testsuite> <!-- Error Validation Test -->
